#
# There is insufficient memory for the Java Runtime Environment to continue.
# Native memory allocation (mmap) failed to map 260046848 bytes. Error detail: G1 virtual space
# Possible reasons:
#   The system is out of physical RAM or swap space
#   This process is running with CompressedOops enabled, and the Java Heap may be blocking the growth of the native heap
# Possible solutions:
#   Reduce memory load on the system
#   Increase physical memory or swap space
#   Check if swap backing store is full
#   Decrease Java heap size (-Xmx/-Xms)
#   Decrease number of Java threads
#   Decrease Java thread stack sizes (-Xss)
#   Set larger code cache with -XX:ReservedCodeCacheSize=
#   JVM is running with Zero Based Compressed Oops mode in which the Java heap is
#     placed in the first 32GB address space. The Java Heap base address is the
#     maximum limit for the native heap growth. Please use -XX:HeapBaseMinAddress
#     to set the Java Heap base and to place the Java Heap above 32GB virtual address.
# This output file may be truncated or incomplete.
#
#  Out of Memory Error (os_windows.cpp:3707), pid=24616, tid=8540
#
# JRE version:  (23.0.2+7) (build )
# Java VM: Java HotSpot(TM) 64-Bit Server VM (23.0.2+7-58, mixed mode, sharing, tiered, compressed oops, compressed class ptrs, g1 gc, windows-amd64)
# No core dump will be written. Minidumps are not enabled by default on client versions of Windows
#

---------------  S U M M A R Y ------------

Command Line: -Dnet.bytebuddy.agent.attacher.dump= net.bytebuddy.agent.Attacher com.sun.tools.attach.VirtualMachine 24676 C:\Users\kiril_aisqzer\.m2\repository\net\bytebuddy\byte-buddy-agent\1.17.7\byte-buddy-agent-1.17.7.jar false 

Host: AMD Ryzen 7 4800H with Radeon Graphics         , 16 cores, 15G,  Windows 11 , 64 bit Build 26100 (10.0.26100.7019)
Time: Mon Nov 17 22:18:24 2025  Windows 11 , 64 bit Build 26100 (10.0.26100.7019) elapsed time: 0.016857 seconds (0d 0h 0m 0s)

---------------  T H R E A D  ---------------

Current thread (0x000001ea92f60da0):  JavaThread "Unknown thread" [_thread_in_vm, id=8540, stack(0x000000be80100000,0x000000be80200000) (1024K)]

Stack: [0x000000be80100000,0x000000be80200000]
Native frames: (J=compiled Java code, j=interpreted, Vv=VM code, C=native code)
V  [jvm.dll+0x6e0b99]  (no source info available)
V  [jvm.dll+0x87e2b3]  (no source info available)
V  [jvm.dll+0x88073e]  (no source info available)
V  [jvm.dll+0x880e13]  (no source info available)
V  [jvm.dll+0x27b006]  (no source info available)
V  [jvm.dll+0x6dd485]  (no source info available)
V  [jvm.dll+0x6d127a]  (no source info available)
V  [jvm.dll+0x35b50a]  (no source info available)
V  [jvm.dll+0x363916]  (no source info available)
V  [jvm.dll+0x34fe7e]  (no source info available)
V  [jvm.dll+0x350118]  (no source info available)
V  [jvm.dll+0x328aec]  (no source info available)
V  [jvm.dll+0x32978e]  (no source info available)
V  [jvm.dll+0x8449a5]  (no source info available)
V  [jvm.dll+0x3b9a08]  (no source info available)
V  [jvm.dll+0x82d68c]  (no source info available)
V  [jvm.dll+0x454f2e]  (no source info available)
V  [jvm.dll+0x456db1]  (no source info available)
C  [jli.dll+0x52a3]  (no source info available)
C  [ucrtbase.dll+0x37b0]  (no source info available)
C  [KERNEL32.DLL+0x2e8d7]  (no source info available)
C  [ntdll.dll+0x8c53c]  (no source info available)

Lock stack of current Java thread (top to bottom):


---------------  P R O C E S S  ---------------

Threads class SMR info:
_java_thread_list=0x00007ffa29094618, length=0, elements={
}

Java Threads: ( => current thread )
Total: 0

Other Threads:
  0x000001ea953eeca0 WorkerThread "GC Thread#0"                     [id=27052, stack(0x000000be80200000,0x000000be80300000) (1024K)]
  0x000001ea9541d500 ConcurrentGCThread "G1 Main Marker"            [id=29384, stack(0x000000be80300000,0x000000be80400000) (1024K)]
  0x000001ea9541e010 WorkerThread "G1 Conc#0"                       [id=9500, stack(0x000000be80400000,0x000000be80500000) (1024K)]

[error occurred during error reporting (printing all threads), id 0xc0000005, EXCEPTION_ACCESS_VIOLATION (0xc0000005) at pc=0x00007ffa287dc0da]
VM state: not at safepoint (not fully initialized)

VM Mutex/Monitor currently owned by a thread:  ([mutex/lock_event])
[0x00007ffa29114988] Heap_lock - owner thread: 0x000001ea92f60da0

Heap address: 0x0000000709400000, size: 3948 MB, Compressed Oops mode: Zero based, Oop shift amount: 3

CDS archive(s) mapped at: [0x0000000000000000-0x0000000000000000-0x0000000000000000), size 0, SharedBaseAddress: 0x0000000800000000, ArchiveRelocationMode: 1.
Narrow klass base: 0x0000000000000000, Narrow klass shift: 0, Narrow klass range: 0x0

GC Precious Log:
 CardTable entry size: 512
 Card Set container configuration: InlinePtr #cards 4 size 8 Array Of Cards #cards 16 size 48 Howl #buckets 8 coarsen threshold 3686 Howl Bitmap #cards 512 size 80 coarsen threshold 460 Card regions per heap region 1 cards per card region 4096

Heap:
 garbage-first heap   total reserved 4042752K, committed 0K, used 0K [0x0000000709400000, 0x0000000800000000)
  region size 2048K, 0 young (0K), 0 survivors (0K)

[error occurred during error reporting (printing heap information), id 0xc0000005, EXCEPTION_ACCESS_VIOLATION (0xc0000005) at pc=0x00007ffa28bdc6a9]
GC Heap History (0 events):
No events

Dll operation events (1 events):
Event: 0.012 Loaded shared library C:\Program Files\Java\jdk-23\bin\java.dll

Deoptimization events (0 events):
No events

Classes loaded (0 events):
No events

Classes unloaded (0 events):
No events

Classes redefined (0 events):
No events

Internal exceptions (0 events):
No events

VM Operations (0 events):
No events

Memory protections (0 events):
No events

Nmethod flushes (0 events):
No events

Events (0 events):
No events


Dynamic libraries:
0x00007ff69c5f0000 - 0x00007ff69c600000 	C:\Program Files\Java\jdk-23\bin\java.exe
0x00007ffad7020000 - 0x00007ffad7288000 	C:\WINDOWS\SYSTEM32\ntdll.dll
0x00007ffad65c0000 - 0x00007ffad6689000 	C:\WINDOWS\System32\KERNEL32.DLL
0x00007ffad46f0000 - 0x00007ffad4ae8000 	C:\WINDOWS\System32\KERNELBASE.dll
0x00007ffad4c70000 - 0x00007ffad4dbb000 	C:\WINDOWS\System32\ucrtbase.dll
0x00007ffab9a80000 - 0x00007ffab9a9b000 	C:\Program Files\Java\jdk-23\bin\VCRUNTIME140.dll
0x00007ffab60a0000 - 0x00007ffab60b7000 	C:\Program Files\Java\jdk-23\bin\jli.dll
0x00007ffad6dd0000 - 0x00007ffad6f97000 	C:\WINDOWS\System32\USER32.dll
0x00007ffac0a90000 - 0x00007ffac0d24000 	C:\WINDOWS\WinSxS\amd64_microsoft.windows.common-controls_6595b64144ccf1df_6.0.26100.7019_none_3e06ffa0e335b8a8\COMCTL32.dll
0x00007ffad4c40000 - 0x00007ffad4c67000 	C:\WINDOWS\System32\win32u.dll
0x00007ffad6c50000 - 0x00007ffad6cf9000 	C:\WINDOWS\System32\msvcrt.dll
0x00007ffad62c0000 - 0x00007ffad62eb000 	C:\WINDOWS\System32\GDI32.dll
0x00007ffad4390000 - 0x00007ffad44bc000 	C:\WINDOWS\System32\gdi32full.dll
0x00007ffad4170000 - 0x00007ffad4213000 	C:\WINDOWS\System32\msvcp_win.dll
0x00007ffad6d00000 - 0x00007ffad6d31000 	C:\WINDOWS\System32\IMM32.DLL
0x00007ffab9a70000 - 0x00007ffab9a7c000 	C:\Program Files\Java\jdk-23\bin\vcruntime140_1.dll
0x00007ffab6010000 - 0x00007ffab609e000 	C:\Program Files\Java\jdk-23\bin\msvcp140.dll
0x00007ffa284a0000 - 0x00007ffa291f0000 	C:\Program Files\Java\jdk-23\bin\server\jvm.dll
0x00007ffad5090000 - 0x00007ffad5144000 	C:\WINDOWS\System32\ADVAPI32.dll
0x00007ffad4fe0000 - 0x00007ffad5086000 	C:\WINDOWS\System32\sechost.dll
0x00007ffad62f0000 - 0x00007ffad6408000 	C:\WINDOWS\System32\RPCRT4.dll
0x00007ffad6d40000 - 0x00007ffad6db4000 	C:\WINDOWS\System32\WS2_32.dll
0x00007ffad3fd0000 - 0x00007ffad402e000 	C:\WINDOWS\SYSTEM32\POWRPROF.dll
0x00007ffacd180000 - 0x00007ffacd18b000 	C:\WINDOWS\SYSTEM32\VERSION.dll
0x00007ffaca610000 - 0x00007ffaca645000 	C:\WINDOWS\SYSTEM32\WINMM.dll
0x00007ffad3fb0000 - 0x00007ffad3fc4000 	C:\WINDOWS\SYSTEM32\UMPDC.dll
0x00007ffad2e90000 - 0x00007ffad2eab000 	C:\WINDOWS\SYSTEM32\kernel.appcore.dll
0x00007ffab8e60000 - 0x00007ffab8e6a000 	C:\Program Files\Java\jdk-23\bin\jimage.dll
0x00007ffad1890000 - 0x00007ffad1ad2000 	C:\WINDOWS\SYSTEM32\DBGHELP.DLL
0x00007ffad5f30000 - 0x00007ffad62bb000 	C:\WINDOWS\System32\combase.dll
0x00007ffad4e30000 - 0x00007ffad4f07000 	C:\WINDOWS\System32\OLEAUT32.dll
0x00007ffac1330000 - 0x00007ffac136c000 	C:\WINDOWS\SYSTEM32\dbgcore.DLL
0x00007ffad4640000 - 0x00007ffad46e5000 	C:\WINDOWS\System32\bcryptPrimitives.dll
0x00007ffab5ff0000 - 0x00007ffab600e000 	C:\Program Files\Java\jdk-23\bin\java.dll
0x00007ffad5d90000 - 0x00007ffad5f27000 	C:\WINDOWS\System32\ole32.dll
0x00007ffad5150000 - 0x00007ffad589f000 	C:\WINDOWS\System32\SHELL32.dll
0x00007ffad4220000 - 0x00007ffad438b000 	C:\WINDOWS\System32\wintypes.dll

dbghelp: loaded successfully - version: 4.0.5 - missing functions: none
symbol engine: initialized successfully - sym options: 0x614 - pdb path: .;C:\Program Files\Java\jdk-23\bin;C:\WINDOWS\SYSTEM32;C:\WINDOWS\WinSxS\amd64_microsoft.windows.common-controls_6595b64144ccf1df_6.0.26100.7019_none_3e06ffa0e335b8a8;C:\Program Files\Java\jdk-23\bin\server

VM Arguments:
jvm_args: -Dnet.bytebuddy.agent.attacher.dump= 
java_command: net.bytebuddy.agent.Attacher com.sun.tools.attach.VirtualMachine 24676 C:\Users\kiril_aisqzer\.m2\repository\net\bytebuddy\byte-buddy-agent\1.17.7\byte-buddy-agent-1.17.7.jar false 
java_class_path (initial): C:\Users\kiril_aisqzer\.m2\repository\net\bytebuddy\byte-buddy-agent\1.17.7\byte-buddy-agent-1.17.7.jar
Launcher Type: SUN_STANDARD

[Global flags]
     intx CICompilerCount                          = 12                                        {product} {ergonomic}
     uint ConcGCThreads                            = 3                                         {product} {ergonomic}
     uint G1ConcRefinementThreads                  = 13                                        {product} {ergonomic}
   size_t G1HeapRegionSize                         = 2097152                                   {product} {ergonomic}
   size_t InitialHeapSize                          = 260046848                                 {product} {ergonomic}
   size_t MarkStackSize                            = 4194304                                   {product} {ergonomic}
   size_t MarkStackSizeMax                         = 536870912                                 {product} {ergonomic}
   size_t MaxHeapSize                              = 4139778048                                {product} {ergonomic}
   size_t MinHeapDeltaBytes                        = 2097152                                   {product} {ergonomic}
   size_t MinHeapSize                              = 8388608                                   {product} {ergonomic}
    uintx NonNMethodCodeHeapSize                   = 7602176                                {pd product} {ergonomic}
    uintx NonProfiledCodeHeapSize                  = 122093568                              {pd product} {ergonomic}
    uintx ProfiledCodeHeapSize                     = 121962496                              {pd product} {ergonomic}
    uintx ReservedCodeCacheSize                    = 251658240                              {pd product} {ergonomic}
     bool SegmentedCodeCache                       = true                                      {product} {ergonomic}
   size_t SoftMaxHeapSize                          = 4139778048                             {manageable} {ergonomic}
     bool UseCompressedOops                        = true                           {product lp64_product} {ergonomic}
     bool UseG1GC                                  = true                                      {product} {ergonomic}
     bool UseLargePagesIndividualAllocation        = false                                  {pd product} {ergonomic}

Logging:
Log output configuration:
 #0: stdout all=warning uptime,level,tags foldmultilines=false
 #1: stderr all=off uptime,level,tags foldmultilines=false

Environment Variables:
JAVA_HOME=C:\Program Files\Java\jdk-23
PATH=C:\Program Files\Common Files\Oracle\Java\javapath;C:\Program Files (x86)\Common Files\Oracle\Java\javapath;C:\WINDOWS\system32;C:\WINDOWS;C:\WINDOWS\System32\Wbem;C:\WINDOWS\System32\WindowsPowerShell\v1.0\;C:\WINDOWS\System32\OpenSSH\;C:\Program Files\NVIDIA Corporation\NVIDIA app\NvDLISR;C:\Program Files (x86)\NVIDIA Corporation\PhysX\Common;C:\Program Files\Java\jdk-23\bin;C:\Program Files\dotnet\;C:\Program Files\Git\cmd;C:\Program Files\nodejs\;C:\Program Files\Docker\Docker\resources\bin;C:\Program Files\MySQL\MySQL Server 8.0\bin;C:\php;C:\Program Files\maven-mvnd-1.0.3-windows-amd64\bin;C:\Program Files\GitHub CLI\;C:\Program Files (x86)\Windows Kits\10\Windows Performance Toolkit\;C:\Users\kiril_aisqzer\AppData\Local\Microsoft\WindowsApps;C:\Users\kiril_aisqzer\AppData\Local\Programs\Microsoft VS Code\bin;D:\IntelliJ IDEA 2024.3\bin;;C:\Users\kiril_aisqzer\AppData\Roaming\npm;C:\Users\kiril_aisqzer\.dotnet\tools;D:\cursor\resources\app\bin
USERNAME=kirito
OS=Windows_NT
PROCESSOR_IDENTIFIER=AMD64 Family 23 Model 96 Stepping 1, AuthenticAMD
TMP=C:\Users\KIRIL_~1\AppData\Local\Temp
TEMP=C:\Users\KIRIL_~1\AppData\Local\Temp




Periodic native trim disabled

---------------  S Y S T E M  ---------------

OS:
 Windows 11 , 64 bit Build 26100 (10.0.26100.7019)
OS uptime: 0 days 9:07 hours
Hyper-V role detected

CPU: total 16 (initial active 16) (16 cores per cpu, 2 threads per core) family 23 model 96 stepping 1 microcode 0x8600106, cx8, cmov, fxsr, ht, mmx, 3dnowpref, sse, sse2, sse3, ssse3, sse4a, sse4.1, sse4.2, popcnt, lzcnt, tsc, tscinvbit, avx, avx2, aes, clmul, bmi1, bmi2, adx, sha, fma, vzeroupper, clflush, clflushopt, hv, rdtscp, rdpid, f16c
Processor Information for the first 16 processors :
  Max Mhz: 2901, Current Mhz: 2901, Mhz Limit: 2901

Memory: 4k page, system-wide physical 15791M (956M free)
TotalPageFile size 27491M (AvailPageFile size 49M)
current process WorkingSet (physical memory assigned to process): 14M, peak: 14M
current process commit charge ("private bytes"): 71M, peak: 319M

vm_info: Java HotSpot(TM) 64-Bit Server VM (23.0.2+7-58) for windows-amd64 JRE (23.0.2+7-58), built on 2024-11-29T09:34:55Z with MS VC++ 17.6 (VS2022)

END.
